                         Pass em State College
                         Jonathan Yen
school:        business                           page 00001     10/14/2017
class                              average GPA
freshman                           3.05
freshman                           3.05
freshman                           3.05
freshman                           3.05
                         Pass em State College
                         Jonathan Yen
school:        business                           page 00002     10/14/2017
class                              average GPA
freshman                           3.05
freshman                           3.05
freshman                           3.05
freshman                           3.05
freshman                           3.05
freshman                           3.05
freshman                           3.05
freshman                           3.05
